This is pdfTeX, Version 3.1415926-2.5-1.40.14 (MiKTeX 2.9 64-bit) (preloaded format=pdflatex 2015.4.4)  16 JUL 2015 14:01
entering extended mode
**informe.tex
(C:\Users\Facundo\Desktop\documentos\informe.tex
LaTeX2e <2011/06/27>
Babel <v3.8m> and hyphenation patterns for english, afrikaans, ancientgreek, ar
abic, armenian, assamese, basque, bengali, bokmal, bulgarian, catalan, coptic, 
croatian, czech, danish, dutch, esperanto, estonian, farsi, finnish, french, ga
lician, german, german-x-2013-05-26, greek, gujarati, hindi, hungarian, iceland
ic, indonesian, interlingua, irish, italian, kannada, kurmanji, latin, latvian,
 lithuanian, malayalam, marathi, mongolian, mongolianlmc, monogreek, ngerman, n
german-x-2013-05-26, nynorsk, oriya, panjabi, pinyin, polish, portuguese, roman
ian, russian, sanskrit, serbian, slovak, slovenian, spanish, swedish, swissgerm
an, tamil, telugu, turkish, turkmen, ukenglish, ukrainian, uppersorbian, usengl
ishmax, welsh, loaded.
("C:\Program Files\MiKTeX 2.9\tex\latex\base\article.cls"
Document Class: article 2007/10/19 v1.4h Standard LaTeX document class
("C:\Program Files\MiKTeX 2.9\tex\latex\base\size10.clo"
File: size10.clo 2007/10/19 v1.4h Standard LaTeX file (size option)
)
\c@part=\count79
\c@section=\count80
\c@subsection=\count81
\c@subsubsection=\count82
\c@paragraph=\count83
\c@subparagraph=\count84
\c@figure=\count85
\c@table=\count86
\abovecaptionskip=\skip41
\belowcaptionskip=\skip42
\bibindent=\dimen102
)
("C:\Program Files\MiKTeX 2.9\tex\generic\babel\babel.sty"
Package: babel 2008/07/08 v3.8m The Babel package

*************************************
* Local config file bblopts.cfg used
*
("C:\Program Files\MiKTeX 2.9\tex\latex\00miktex\bblopts.cfg"
File: bblopts.cfg 2006/07/31 v1.0 MiKTeX 'babel' configuration
)
("C:\Program Files\MiKTeX 2.9\tex\generic\babel\spanish.ldf"
Language: spanish.ldf 2009/01/02 v5.0h Spanish support from the babel system

("C:\Program Files\MiKTeX 2.9\tex\generic\babel\babel.def"
File: babel.def 2008/07/08 v3.8m Babel common definitions
\babel@savecnt=\count87
\U@D=\dimen103
)
\es@datefmt=\count88
\es@quottoks=\toks14
\es@quotdepth=\count89
Package babel Info: Making " an active character on input line 492.
Package babel Info: Making . an active character on input line 585.
Package babel Info: Making < an active character on input line 630.
Package babel Info: Making > an active character on input line 630.
))
("C:\Program Files\MiKTeX 2.9\tex\latex\base\inputenc.sty"
Package: inputenc 2008/03/30 v1.1d Input encoding file
\inpenc@prehook=\toks15
\inpenc@posthook=\toks16

("C:\Program Files\MiKTeX 2.9\tex\latex\base\utf8.def"
File: utf8.def 2008/04/05 v1.1m UTF-8 support for inputenc
Now handling font encoding OML ...
... no UTF-8 mapping file for font encoding OML
Now handling font encoding T1 ...
... processing UTF-8 mapping file for font encoding T1

("C:\Program Files\MiKTeX 2.9\tex\latex\base\t1enc.dfu"
File: t1enc.dfu 2008/04/05 v1.1m UTF-8 support for inputenc
   defining Unicode char U+00A1 (decimal 161)
   defining Unicode char U+00A3 (decimal 163)
   defining Unicode char U+00AB (decimal 171)
   defining Unicode char U+00BB (decimal 187)
   defining Unicode char U+00BF (decimal 191)
   defining Unicode char U+00C0 (decimal 192)
   defining Unicode char U+00C1 (decimal 193)
   defining Unicode char U+00C2 (decimal 194)
   defining Unicode char U+00C3 (decimal 195)
   defining Unicode char U+00C4 (decimal 196)
   defining Unicode char U+00C5 (decimal 197)
   defining Unicode char U+00C6 (decimal 198)
   defining Unicode char U+00C7 (decimal 199)
   defining Unicode char U+00C8 (decimal 200)
   defining Unicode char U+00C9 (decimal 201)
   defining Unicode char U+00CA (decimal 202)
   defining Unicode char U+00CB (decimal 203)
   defining Unicode char U+00CC (decimal 204)
   defining Unicode char U+00CD (decimal 205)
   defining Unicode char U+00CE (decimal 206)
   defining Unicode char U+00CF (decimal 207)
   defining Unicode char U+00D0 (decimal 208)
   defining Unicode char U+00D1 (decimal 209)
   defining Unicode char U+00D2 (decimal 210)
   defining Unicode char U+00D3 (decimal 211)
   defining Unicode char U+00D4 (decimal 212)
   defining Unicode char U+00D5 (decimal 213)
   defining Unicode char U+00D6 (decimal 214)
   defining Unicode char U+00D8 (decimal 216)
   defining Unicode char U+00D9 (decimal 217)
   defining Unicode char U+00DA (decimal 218)
   defining Unicode char U+00DB (decimal 219)
   defining Unicode char U+00DC (decimal 220)
   defining Unicode char U+00DD (decimal 221)
   defining Unicode char U+00DE (decimal 222)
   defining Unicode char U+00DF (decimal 223)
   defining Unicode char U+00E0 (decimal 224)
   defining Unicode char U+00E1 (decimal 225)
   defining Unicode char U+00E2 (decimal 226)
   defining Unicode char U+00E3 (decimal 227)
   defining Unicode char U+00E4 (decimal 228)
   defining Unicode char U+00E5 (decimal 229)
   defining Unicode char U+00E6 (decimal 230)
   defining Unicode char U+00E7 (decimal 231)
   defining Unicode char U+00E8 (decimal 232)
   defining Unicode char U+00E9 (decimal 233)
   defining Unicode char U+00EA (decimal 234)
   defining Unicode char U+00EB (decimal 235)
   defining Unicode char U+00EC (decimal 236)
   defining Unicode char U+00ED (decimal 237)
   defining Unicode char U+00EE (decimal 238)
   defining Unicode char U+00EF (decimal 239)
   defining Unicode char U+00F0 (decimal 240)
   defining Unicode char U+00F1 (decimal 241)
   defining Unicode char U+00F2 (decimal 242)
   defining Unicode char U+00F3 (decimal 243)
   defining Unicode char U+00F4 (decimal 244)
   defining Unicode char U+00F5 (decimal 245)
   defining Unicode char U+00F6 (decimal 246)
   defining Unicode char U+00F8 (decimal 248)
   defining Unicode char U+00F9 (decimal 249)
   defining Unicode char U+00FA (decimal 250)
   defining Unicode char U+00FB (decimal 251)
   defining Unicode char U+00FC (decimal 252)
   defining Unicode char U+00FD (decimal 253)
   defining Unicode char U+00FE (decimal 254)
   defining Unicode char U+00FF (decimal 255)
   defining Unicode char U+0102 (decimal 258)
   defining Unicode char U+0103 (decimal 259)
   defining Unicode char U+0104 (decimal 260)
   defining Unicode char U+0105 (decimal 261)
   defining Unicode char U+0106 (decimal 262)
   defining Unicode char U+0107 (decimal 263)
   defining Unicode char U+010C (decimal 268)
   defining Unicode char U+010D (decimal 269)
   defining Unicode char U+010E (decimal 270)
   defining Unicode char U+010F (decimal 271)
   defining Unicode char U+0110 (decimal 272)
   defining Unicode char U+0111 (decimal 273)
   defining Unicode char U+0118 (decimal 280)
   defining Unicode char U+0119 (decimal 281)
   defining Unicode char U+011A (decimal 282)
   defining Unicode char U+011B (decimal 283)
   defining Unicode char U+011E (decimal 286)
   defining Unicode char U+011F (decimal 287)
   defining Unicode char U+0130 (decimal 304)
   defining Unicode char U+0131 (decimal 305)
   defining Unicode char U+0132 (decimal 306)
   defining Unicode char U+0133 (decimal 307)
   defining Unicode char U+0139 (decimal 313)
   defining Unicode char U+013A (decimal 314)
   defining Unicode char U+013D (decimal 317)
   defining Unicode char U+013E (decimal 318)
   defining Unicode char U+0141 (decimal 321)
   defining Unicode char U+0142 (decimal 322)
   defining Unicode char U+0143 (decimal 323)
   defining Unicode char U+0144 (decimal 324)
   defining Unicode char U+0147 (decimal 327)
   defining Unicode char U+0148 (decimal 328)
   defining Unicode char U+014A (decimal 330)
   defining Unicode char U+014B (decimal 331)
   defining Unicode char U+0150 (decimal 336)
   defining Unicode char U+0151 (decimal 337)
   defining Unicode char U+0152 (decimal 338)
   defining Unicode char U+0153 (decimal 339)
   defining Unicode char U+0154 (decimal 340)
   defining Unicode char U+0155 (decimal 341)
   defining Unicode char U+0158 (decimal 344)
   defining Unicode char U+0159 (decimal 345)
   defining Unicode char U+015A (decimal 346)
   defining Unicode char U+015B (decimal 347)
   defining Unicode char U+015E (decimal 350)
   defining Unicode char U+015F (decimal 351)
   defining Unicode char U+0160 (decimal 352)
   defining Unicode char U+0161 (decimal 353)
   defining Unicode char U+0162 (decimal 354)
   defining Unicode char U+0163 (decimal 355)
   defining Unicode char U+0164 (decimal 356)
   defining Unicode char U+0165 (decimal 357)
   defining Unicode char U+016E (decimal 366)
   defining Unicode char U+016F (decimal 367)
   defining Unicode char U+0170 (decimal 368)
   defining Unicode char U+0171 (decimal 369)
   defining Unicode char U+0178 (decimal 376)
   defining Unicode char U+0179 (decimal 377)
   defining Unicode char U+017A (decimal 378)
   defining Unicode char U+017B (decimal 379)
   defining Unicode char U+017C (decimal 380)
   defining Unicode char U+017D (decimal 381)
   defining Unicode char U+017E (decimal 382)
   defining Unicode char U+200C (decimal 8204)
   defining Unicode char U+2013 (decimal 8211)
   defining Unicode char U+2014 (decimal 8212)
   defining Unicode char U+2018 (decimal 8216)
   defining Unicode char U+2019 (decimal 8217)
   defining Unicode char U+201A (decimal 8218)
   defining Unicode char U+201C (decimal 8220)
   defining Unicode char U+201D (decimal 8221)
   defining Unicode char U+201E (decimal 8222)
   defining Unicode char U+2030 (decimal 8240)
   defining Unicode char U+2031 (decimal 8241)
   defining Unicode char U+2039 (decimal 8249)
   defining Unicode char U+203A (decimal 8250)
   defining Unicode char U+2423 (decimal 9251)
)
Now handling font encoding OT1 ...
... processing UTF-8 mapping file for font encoding OT1

("C:\Program Files\MiKTeX 2.9\tex\latex\base\ot1enc.dfu"
File: ot1enc.dfu 2008/04/05 v1.1m UTF-8 support for inputenc
   defining Unicode char U+00A1 (decimal 161)
   defining Unicode char U+00A3 (decimal 163)
   defining Unicode char U+00B8 (decimal 184)
   defining Unicode char U+00BF (decimal 191)
   defining Unicode char U+00C5 (decimal 197)
   defining Unicode char U+00C6 (decimal 198)
   defining Unicode char U+00D8 (decimal 216)
   defining Unicode char U+00DF (decimal 223)
   defining Unicode char U+00E6 (decimal 230)
   defining Unicode char U+00EC (decimal 236)
   defining Unicode char U+00ED (decimal 237)
   defining Unicode char U+00EE (decimal 238)
   defining Unicode char U+00EF (decimal 239)
   defining Unicode char U+00F8 (decimal 248)
   defining Unicode char U+0131 (decimal 305)
   defining Unicode char U+0141 (decimal 321)
   defining Unicode char U+0142 (decimal 322)
   defining Unicode char U+0152 (decimal 338)
   defining Unicode char U+0153 (decimal 339)
   defining Unicode char U+2013 (decimal 8211)
   defining Unicode char U+2014 (decimal 8212)
   defining Unicode char U+2018 (decimal 8216)
   defining Unicode char U+2019 (decimal 8217)
   defining Unicode char U+201C (decimal 8220)
   defining Unicode char U+201D (decimal 8221)
)
Now handling font encoding OMS ...
... processing UTF-8 mapping file for font encoding OMS

("C:\Program Files\MiKTeX 2.9\tex\latex\base\omsenc.dfu"
File: omsenc.dfu 2008/04/05 v1.1m UTF-8 support for inputenc
   defining Unicode char U+00A7 (decimal 167)
   defining Unicode char U+00B6 (decimal 182)
   defining Unicode char U+00B7 (decimal 183)
   defining Unicode char U+2020 (decimal 8224)
   defining Unicode char U+2021 (decimal 8225)
   defining Unicode char U+2022 (decimal 8226)
)
Now handling font encoding OMX ...
... no UTF-8 mapping file for font encoding OMX
Now handling font encoding U ...
... no UTF-8 mapping file for font encoding U
   defining Unicode char U+00A9 (decimal 169)
   defining Unicode char U+00AA (decimal 170)
   defining Unicode char U+00AE (decimal 174)
   defining Unicode char U+00BA (decimal 186)
   defining Unicode char U+02C6 (decimal 710)
   defining Unicode char U+02DC (decimal 732)
   defining Unicode char U+200C (decimal 8204)
   defining Unicode char U+2026 (decimal 8230)
   defining Unicode char U+2122 (decimal 8482)
   defining Unicode char U+2423 (decimal 9251)
))
("C:\Program Files\MiKTeX 2.9\tex\latex\psnfss\charter.sty"
Package: charter 2005/04/12 PSNFSS-v9.2a (P.Dyballa) 
)
("C:\Program Files\MiKTeX 2.9\tex\latex\graphics\graphicx.sty"
Package: graphicx 1999/02/16 v1.0f Enhanced LaTeX Graphics (DPC,SPQR)

("C:\Program Files\MiKTeX 2.9\tex\latex\graphics\keyval.sty"
Package: keyval 1999/03/16 v1.13 key=value parser (DPC)
\KV@toks@=\toks17
)
("C:\Program Files\MiKTeX 2.9\tex\latex\graphics\graphics.sty"
Package: graphics 2009/02/05 v1.0o Standard LaTeX Graphics (DPC,SPQR)

("C:\Program Files\MiKTeX 2.9\tex\latex\graphics\trig.sty"
Package: trig 1999/03/16 v1.09 sin cos tan (DPC)
)
("C:\Program Files\MiKTeX 2.9\tex\latex\00miktex\graphics.cfg"
File: graphics.cfg 2007/01/18 v1.5 graphics configuration of teTeX/TeXLive
)
Package graphics Info: Driver file: pdftex.def on input line 91.

("C:\Program Files\MiKTeX 2.9\tex\latex\pdftex-def\pdftex.def"
File: pdftex.def 2011/05/27 v0.06d Graphics/color for pdfTeX

("C:\Program Files\MiKTeX 2.9\tex\generic\oberdiek\infwarerr.sty"
Package: infwarerr 2010/04/08 v1.3 Providing info/warning/error messages (HO)
)
("C:\Program Files\MiKTeX 2.9\tex\generic\oberdiek\ltxcmds.sty"
Package: ltxcmds 2011/11/09 v1.22 LaTeX kernel commands for general use (HO)
)
\Gread@gobject=\count90
))
\Gin@req@height=\dimen104
\Gin@req@width=\dimen105
)
("C:\Program Files\MiKTeX 2.9\tex\latex\placeins\placeins.sty"
Package: placeins 2005/04/18  v 2.2
)
(C:\Users\Facundo\Desktop\documentos\codesnippet.tex
("C:\Program Files\MiKTeX 2.9\tex\latex\graphics\color.sty"
Package: color 2005/11/14 v1.0j Standard LaTeX Color (DPC)

("C:\Program Files\MiKTeX 2.9\tex\latex\00miktex\color.cfg"
File: color.cfg 2007/01/18 v1.5 color configuration of teTeX/TeXLive
)
Package color Info: Driver file: pdftex.def on input line 130.
)
("C:\Program Files\MiKTeX 2.9\tex\latex\fancybox\fancybox.sty"
Package: fancybox 2010/05/15 1.4

Style option: `fancybox' v1.4 <2010/05/15> (tvz)
\@fancybox=\box26
\shadowsize=\dimen106
\@Sbox=\box27
\do@VerbBox=\toks18
\the@fancyput=\toks19
\this@fancyput=\toks20
\EndVerbatimTokens=\toks21
\Verbatim@Outfile=\write3
\Verbatim@Infile=\read1
)) (C:\Users\Facundo\Desktop\documentos\page.layout.tex
("C:\Program Files\MiKTeX 2.9\tex\latex\fancyhdr\fancyhdr.sty"
\fancy@headwidth=\skip43
\f@ncyO@elh=\skip44
\f@ncyO@erh=\skip45
\f@ncyO@olh=\skip46
\f@ncyO@orh=\skip47
\f@ncyO@elf=\skip48
\f@ncyO@erf=\skip49
\f@ncyO@olf=\skip50
\f@ncyO@orf=\skip51
))
("C:\Program Files\MiKTeX 2.9\tex\latex\underscore\underscore.sty"
Package: underscore 2006/09/13
LaTeX Info: Redefining \_ on input line 42.
)
(C:\Users\Facundo\Desktop\documentos\caratula.sty
Package: caratula 2005/08/09 v0.3 Para componer caratulas de TPs del DC

Cargando package 'caratula' v0.3 (2005/08/09)
\intlist=\toks22
) ("C:\Program Files\MiKTeX 2.9\tex\latex\url\url.sty"
\Urlmuskip=\muskip10
Package: url 2013/09/16  ver 3.4  Verb mode for urls, etc.
)
(C:\Users\Facundo\Desktop\documentos\informe.aux)
LaTeX Font Info:    Checking defaults for OML/cmm/m/it on input line 45.
LaTeX Font Info:    ... okay on input line 45.
LaTeX Font Info:    Checking defaults for T1/cmr/m/n on input line 45.
LaTeX Font Info:    ... okay on input line 45.
LaTeX Font Info:    Checking defaults for OT1/cmr/m/n on input line 45.
LaTeX Font Info:    ... okay on input line 45.
LaTeX Font Info:    Checking defaults for OMS/cmsy/m/n on input line 45.
LaTeX Font Info:    ... okay on input line 45.
LaTeX Font Info:    Checking defaults for OMX/cmex/m/n on input line 45.
LaTeX Font Info:    ... okay on input line 45.
LaTeX Font Info:    Checking defaults for U/cmr/m/n on input line 45.
LaTeX Font Info:    ... okay on input line 45.
LaTeX Font Info:    Try loading font information for OT1+bch on input line 45.

("C:\Program Files\MiKTeX 2.9\tex\latex\psnfss\ot1bch.fd"
File: ot1bch.fd 2004/10/18 font definitions for OT1/bch.
)
("C:\Program Files\MiKTeX 2.9\tex\context\base\supp-pdf.mkii"
[Loading MPS to PDF converter (version 2006.09.02).]
\scratchcounter=\count91
\scratchdimen=\dimen107
\scratchbox=\box28
\nofMPsegments=\count92
\nofMParguments=\count93
\everyMPshowfont=\toks23
\MPscratchCnt=\count94
\MPscratchDim=\dimen108
\MPnumerator=\count95
\makeMPintoPDFobject=\count96
\everyMPtoPDFconversion=\toks24
) <imagenes/logodc.jpg, id=1, 215.6055pt x 83.5923pt>
File: imagenes/logodc.jpg Graphic file (type jpg)

<use imagenes/logodc.jpg>
Package pdftex.def Info: imagenes/logodc.jpg used on input line 57.
(pdftex.def)             Requested size: 215.60497pt x 83.59207pt.
LaTeX Font Info:    External font `cmex10' loaded for size
(Font)              <7> on input line 57.
LaTeX Font Info:    External font `cmex10' loaded for size
(Font)              <5> on input line 57.

<imagenes/logouba.jpg, id=2, 225.4824pt x 231.7458pt>
File: imagenes/logouba.jpg Graphic file (type jpg)

<use imagenes/logouba.jpg>
Package pdftex.def Info: imagenes/logouba.jpg used on input line 57.
(pdftex.def)             Requested size: 225.48184pt x 231.74522pt.


LaTeX Font Warning: Font shape `OT1/cmss/b/n' undefined
(Font)              using `OT1/cmss/m/n' instead on input line 57.


Underfull \hbox (badness 10000) in paragraph at lines 57--57

 []


Overfull \hbox (22.76358pt too wide) in paragraph at lines 57--57
[][][] 
 []

[1

{C:/ProgramData/MiKTeX/2.9/pdftex/config/pdftex.map} <C:/Users/Facundo/Desktop/
documentos/imagenes/logodc.jpg> <C:/Users/Facundo/Desktop/documentos/imagenes/l
ogouba.jpg>] (C:\Users\Facundo\Desktop\documentos\informe.toc)
\tf@toc=\write4
 [2] [3]
[4] [5] [6]

LaTeX Warning: File `imagenes/Filtros blur en imagenes 16x16.png' not found on 
input line 163.


<imagenes/Filtros blur en imagenes 16x16.png, id=31, 564.1075pt x 402.50375pt>
File: imagenes/Filtros blur en imagenes 16x16.png Graphic file (type png)

<use imagenes/Filtros blur en imagenes 16x16.png>
Package pdftex.def Info: imagenes/Filtros blur en imagenes 16x16.png used on in
put line 163.
(pdftex.def)             Requested size: 341.43306pt x 243.623pt.


LaTeX Warning: File `imagenes/Filtros blur en imagenes 200x200.png' not found o
n input line 173.


<imagenes/Filtros blur en imagenes 200x200.png, id=33, 564.1075pt x 402.50375pt
>
File: imagenes/Filtros blur en imagenes 200x200.png Graphic file (type png)
 <use imagenes/Filtros blur en imagenes 200x200.png>
Package pdftex.def Info: imagenes/Filtros blur en imagenes 200x200.png used on 
input line 173.
(pdftex.def)             Requested size: 341.43306pt x 243.623pt.


LaTeX Warning: `h' float specifier changed to `ht'.

[7 <C:/Users/Facundo/Desktop/documentos/imagenes/Filtros blur en imagenes 16x16
.png>]

LaTeX Warning: File `imagenes/ComparacionAccesosAMemoriaBlur Colores.png' not f
ound on input line 181.


<imagenes/ComparacionAccesosAMemoriaBlur Colores.png, id=39, 564.1075pt x 402.5
0375pt>
File: imagenes/ComparacionAccesosAMemoriaBlur Colores.png Graphic file (type pn
g)
 <use imagenes/ComparacionAccesosAMemoriaBlur Colores.png>
Package pdftex.def Info: imagenes/ComparacionAccesosAMemoriaBlur Colores.png us
ed on input line 181.
(pdftex.def)             Requested size: 341.43306pt x 243.623pt.


LaTeX Warning: `h' float specifier changed to `ht'.

[8 <C:/Users/Facundo/Desktop/documentos/imagenes/Filtros blur en imagenes 200x2
00.png> <C:/Users/Facundo/Desktop/documentos/imagenes/ComparacionAccesosAMemori
aBlur Colores.png>]

LaTeX Warning: File `imagenes/ComparacionConOperaciones AritmeticasBlurColores.
png' not found on input line 189.


<imagenes/ComparacionConOperaciones AritmeticasBlurColores.png, id=45, 564.1075
pt x 402.50375pt>
File: imagenes/ComparacionConOperaciones AritmeticasBlurColores.png Graphic fil
e (type png)

<use imagenes/ComparacionConOperaciones AritmeticasBlurColores.png>
Package pdftex.def Info: imagenes/ComparacionConOperaciones AritmeticasBlurColo
res.png used on input line 189.
(pdftex.def)             Requested size: 341.43306pt x 243.623pt.
 [9

 <C:/Users/Facundo/Desktop/documentos/imagenes/ComparacionConOperaciones Aritme
ticasBlurColores.png>]

LaTeX Warning: File `imagenes/Filtros merge en imagenes 200x200.png' not found 
on input line 266.


<imagenes/Filtros merge en imagenes 200x200.png, id=50, 564.1075pt x 402.50375p
t>
File: imagenes/Filtros merge en imagenes 200x200.png Graphic file (type png)
 <use imagenes/Filtros merge en imagenes 200x200.png>
Package pdftex.def Info: imagenes/Filtros merge en imagenes 200x200.png used on
 input line 266.
(pdftex.def)             Requested size: 341.43306pt x 243.623pt.


LaTeX Warning: `h' float specifier changed to `ht'.

[10]

LaTeX Warning: File `imagenes/Filtros merge en lena 512x512.png' not found on i
nput line 276.

<imagenes/Filtros merge en lena 512x512.png, id=54, 564.1075pt x 402.50375pt>
File: imagenes/Filtros merge en lena 512x512.png Graphic file (type png)

<use imagenes/Filtros merge en lena 512x512.png>
Package pdftex.def Info: imagenes/Filtros merge en lena 512x512.png used on inp
ut line 276.
(pdftex.def)             Requested size: 341.43306pt x 243.623pt.


LaTeX Warning: `h' float specifier changed to `ht'.

[11 <C:/Users/Facundo/Desktop/documentos/imagenes/Filtros merge en imagenes 200
x200.png> <C:/Users/Facundo/Desktop/documentos/imagenes/Filtros merge en lena 5
12x512.png>]

LaTeX Warning: File `imagenes/Comparacion accesos a memoria merge colores.png' 
not found on input line 284.


<imagenes/Comparacion accesos a memoria merge colores.png, id=60, 564.1075pt x 
402.50375pt>
File: imagenes/Comparacion accesos a memoria merge colores.png Graphic file (ty
pe png)
 <use imagenes/Comparacion accesos a memoria merge colores.png>
Package pdftex.def Info: imagenes/Comparacion accesos a memoria merge colores.p
ng used on input line 284.
(pdftex.def)             Requested size: 341.43306pt x 243.623pt.


LaTeX Warning: File `imagenes/Comparacion con operaciones aritmeticas merge col
ores.png' not found on input line 292.


<imagenes/Comparacion con operaciones aritmeticas merge colores.png, id=61, 564
.1075pt x 402.50375pt>
File: imagenes/Comparacion con operaciones aritmeticas merge colores.png Graphi
c file (type png)

<use imagenes/Comparacion con operaciones aritmeticas merge colores.png>
Package pdftex.def Info: imagenes/Comparacion con operaciones aritmeticas merge
 colores.png used on input line 292.
(pdftex.def)             Requested size: 341.43306pt x 243.623pt.


LaTeX Warning: `h' float specifier changed to `ht'.

[12

 <C:/Users/Facundo/Desktop/documentos/imagenes/Comparacion accesos a memoria me
rge colores.png>] [13 <C:/Users/Facundo/Desktop/documentos/imagenes/Comparacion
 con operaciones aritmeticas merge colores.png>] [14] [15] [16] [17]
[18] <imagenes/FiltroHslEnColores512x512.png, id=86, 564.1075pt x 402.50375pt>
File: imagenes/FiltroHslEnColores512x512.png Graphic file (type png)

<use imagenes/FiltroHslEnColores512x512.png>
Package pdftex.def Info: imagenes/FiltroHslEnColores512x512.png used on input l
ine 642.
(pdftex.def)             Requested size: 341.43306pt x 243.623pt.


LaTeX Warning: File `imagenes/Filtros hsl en imagenes 200x200.png' not found on
 input line 650.


<imagenes/Filtros hsl en imagenes 200x200.png, id=87, 564.1075pt x 402.50375pt>
File: imagenes/Filtros hsl en imagenes 200x200.png Graphic file (type png)
<use imagenes/Filtros hsl en imagenes 200x200.png>
Package pdftex.def Info: imagenes/Filtros hsl en imagenes 200x200.png used on i
nput line 650.
(pdftex.def)             Requested size: 341.43306pt x 243.623pt.


LaTeX Warning: `h' float specifier changed to `ht'.

[19 <C:/Users/Facundo/Desktop/documentos/imagenes/FiltroHslEnColores512x512.png
>]

LaTeX Warning: File `imagenes/Comparacion accesos a memoria hsl colores.png' no
t found on input line 658.


<imagenes/Comparacion accesos a memoria hsl colores.png, id=93, 564.1075pt x 40
2.50375pt>
File: imagenes/Comparacion accesos a memoria hsl colores.png Graphic file (type
 png)
 <use imagenes/Comparacion accesos a memoria hsl colores.png>
Package pdftex.def Info: imagenes/Comparacion accesos a memoria hsl colores.png
 used on input line 658.
(pdftex.def)             Requested size: 341.43306pt x 243.623pt.


LaTeX Warning: `h' float specifier changed to `ht'.

[20 <C:/Users/Facundo/Desktop/documentos/imagenes/Filtros hsl en imagenes 200x2
00.png> <C:/Users/Facundo/Desktop/documentos/imagenes/Comparacion accesos a mem
oria hsl colores.png>]

LaTeX Warning: File `imagenes/Comparacion con operaciones aritmeticas hsl color
es.png' not found on input line 666.


<imagenes/Comparacion con operaciones aritmeticas hsl colores.png, id=99, 564.1
075pt x 402.50375pt>
File: imagenes/Comparacion con operaciones aritmeticas hsl colores.png Graphic 
file (type png)

<use imagenes/Comparacion con operaciones aritmeticas hsl colores.png>
Package pdftex.def Info: imagenes/Comparacion con operaciones aritmeticas hsl c
olores.png used on input line 666.
(pdftex.def)             Requested size: 341.43306pt x 243.623pt.

<imagenes/OverheadEnHSLASM2.png, id=100, 270.7716pt x 193.2018pt>
File: imagenes/OverheadEnHSLASM2.png Graphic file (type png)

<use imagenes/OverheadEnHSLASM2.png>
Package pdftex.def Info: imagenes/OverheadEnHSLASM2.png used on input line 674.

(pdftex.def)             Requested size: 341.43306pt x 243.63895pt.


LaTeX Warning: `h' float specifier changed to `ht'.

[21

 <C:/Users/Facundo/Desktop/documentos/imagenes/Comparacion con operaciones arit
meticas hsl colores.png>] [22 <C:/Users/Facundo/Desktop/documentos/imagenes/Ove
rheadEnHSLASM2.png>] [23] (C:\Users\Facundo\Desktop\documentos\informe.aux)

LaTeX Font Warning: Some font shapes were not available, defaults substituted.


LaTeX Warning: Label(s) may have changed. Rerun to get cross-references right.

 ) 
Here is how much of TeX's memory you used:
 2605 strings out of 493921
 35035 string characters out of 3147277
 95907 words of memory out of 3000000
 5856 multiletter control sequences out of 15000+200000
 21286 words of font info for 35 fonts, out of 3000000 for 9000
 841 hyphenation exceptions out of 8191
 31i,13n,43p,1466b,402s stack positions out of 5000i,500n,10000p,200000b,50000s
{C:/Program Files/MiKTeX 2.9/fonts/enc/dvips/fontname/8r.enc}<C:/Program File
s/MiKTeX 2.9/fonts/type1/bitstrea/charter/bchb8a.pfb><C:/Program Files/MiKTeX 2
.9/fonts/type1/bitstrea/charter/bchr8a.pfb><C:/Program Files/MiKTeX 2.9/fonts/t
ype1/public/amsfonts/cm/cmmi10.pfb><C:/Program Files/MiKTeX 2.9/fonts/type1/pub
lic/amsfonts/cm/cmmi7.pfb><C:/Program Files/MiKTeX 2.9/fonts/type1/public/amsfo
nts/cm/cmr10.pfb><C:/Program Files/MiKTeX 2.9/fonts/type1/public/amsfonts/cm/cm
r7.pfb><C:/Program Files/MiKTeX 2.9/fonts/type1/public/amsfonts/cm/cmss10.pfb><
C:/Program Files/MiKTeX 2.9/fonts/type1/public/amsfonts/cm/cmsy10.pfb><C:/Progr
am Files/MiKTeX 2.9/fonts/type1/public/amsfonts/cm/cmtt10.pfb>
Output written on informe.pdf (23 pages, 688810 bytes).
PDF statistics:
 142 PDF objects out of 1000 (max. 8388607)
 0 named destinations out of 1000 (max. 500000)
 76 words of extra memory for PDF output out of 10000 (max. 10000000)

